<?xml version="1.0" encoding="UTF-8"?>
<testng-results skipped="0" failed="0" ignored="0" total="1" passed="1">
  <reporter-output>
  </reporter-output>
  <suite name="Default suite" duration-ms="15671" started-at="2019-11-29T16:08:38 IST" finished-at="2019-11-29T16:08:54 IST">
    <groups>
      <group name="cucumber">
        <method signature="TestRunner.feature(cucumber.api.testng.CucumberFeatureWrapper)[pri:0, instance:com.airasia.Runner.TestRunner@799d4f69]" name="feature" class="com.airasia.Runner.TestRunner"/>
      </group> <!-- cucumber -->
    </groups>
    <test name="Default test" duration-ms="15671" started-at="2019-11-29T16:08:38 IST" finished-at="2019-11-29T16:08:54 IST">
      <class name="com.airasia.Runner.TestRunner">
        <test-method status="PASS" signature="setUpClass()[pri:0, instance:com.airasia.Runner.TestRunner@799d4f69]" name="setUpClass" is-config="true" duration-ms="298" started-at="2019-11-29T16:08:38 IST" finished-at="2019-11-29T16:08:39 IST">
          <reporter-output>
          </reporter-output>
        </test-method> <!-- setUpClass -->
        <test-method status="PASS" signature="feature(cucumber.api.testng.CucumberFeatureWrapper)[pri:0, instance:com.airasia.Runner.TestRunner@799d4f69]" name="feature" duration-ms="15237" started-at="2019-11-29T16:08:39 IST" description="Runs Cucumber Feature" data-provider="features" finished-at="2019-11-29T16:08:54 IST">
          <params>
            <param index="0">
              <value>
                <![CDATA[AirAsia Home Page Test]]>
              </value>
            </param>
          </params>
          <reporter-output>
          </reporter-output>
        </test-method> <!-- feature -->
        <test-method status="PASS" signature="tearDownClass()[pri:0, instance:com.airasia.Runner.TestRunner@799d4f69]" name="tearDownClass" is-config="true" duration-ms="21" started-at="2019-11-29T16:08:54 IST" finished-at="2019-11-29T16:08:54 IST">
          <reporter-output>
          </reporter-output>
        </test-method> <!-- tearDownClass -->
      </class> <!-- com.airasia.Runner.TestRunner -->
    </test> <!-- Default test -->
  </suite> <!-- Default suite -->
</testng-results>
